<?xml version="1.0" encoding="UTF-8"?>
<testng-results skipped="0" failed="0" ignored="0" total="1" passed="1">
  <reporter-output>
  </reporter-output>
  <suite name="Surefire suite" duration-ms="3883" started-at="2021-07-22T00:45:36Z" finished-at="2021-07-22T00:45:40Z">
    <groups>
      <group name="cucumber">
        <method signature="AbstractTestNGCucumberTests.feature(cucumber.api.testng.CucumberFeatureWrapper)[pri:0, instance:Parallel01IT@51565ec2]" name="feature" class="cucumber.api.testng.AbstractTestNGCucumberTests"/>
      </group> <!-- cucumber -->
    </groups>
    <test name="Surefire test" duration-ms="3883" started-at="2021-07-22T00:45:36Z" finished-at="2021-07-22T00:45:40Z">
      <class name="Parallel01IT">
        <test-method status="PASS" signature="setUpClass()[pri:0, instance:Parallel01IT@51565ec2]" name="setUpClass" is-config="true" duration-ms="250" started-at="2021-07-22T10:45:36Z" finished-at="2021-07-22T10:45:36Z">
          <reporter-output>
          </reporter-output>
        </test-method> <!-- setUpClass -->
        <test-method status="PASS" signature="feature(cucumber.api.testng.CucumberFeatureWrapper)[pri:0, instance:Parallel01IT@51565ec2]" name="feature" duration-ms="3542" started-at="2021-07-22T10:45:36Z" description="Runs Cucumber Feature" data-provider="features" finished-at="2021-07-22T10:45:40Z">
          <params>
            <param index="0">
              <value>
                <![CDATA[Validate session call]]>
              </value>
            </param>
          </params>
          <reporter-output>
          </reporter-output>
        </test-method> <!-- feature -->
        <test-method status="PASS" signature="tearDownClass()[pri:0, instance:Parallel01IT@51565ec2]" name="tearDownClass" is-config="true" duration-ms="8" started-at="2021-07-22T10:45:40Z" finished-at="2021-07-22T10:45:40Z">
          <reporter-output>
          </reporter-output>
        </test-method> <!-- tearDownClass -->
      </class> <!-- Parallel01IT -->
    </test> <!-- Surefire test -->
  </suite> <!-- Surefire suite -->
</testng-results>
